рҹҗҫ Starting OpenClaw...


> openclaw@2026.3.13 build
> rm -rf dist && tsc

Use --update-env to update environment variables
[PM2] Applying action restartProcessId on app [limor](ids: [ 0 ])
[PM2] [limor](0) вң“
в”Ңв”Җв”Җв”Җв”Җв”¬в”Җв”Җв”Җв”Җв”Җв”Җв”Җв”Җв”Җв”Җв”¬в”Җв”Җв”Җв”Җв”Җв”Җв”Җв”Җв”Җв”Җв”Җв”Җв”Җв”¬в”Җв”Җв”Җв”Җв”Җв”Җв”Җв”Җв”Җв”¬в”Җв”Җв”Җв”Җв”Җв”Җв”Җв”Җв”Җв”¬в”Җв”Җв”Җв”Җв”Җв”Җв”Җв”Җв”Җв”Җв”¬в”Җв”Җв”Җв”Җв”Җв”Җв”Җв”Җв”¬в”Җв”Җв”Җв”Җв”Җв”Җв”¬в”Җв”Җв”Җв”Җв”Җв”Җв”Җв”Җв”Җв”Җв”Җв”¬в”Җв”Җв”Җв”Җв”Җв”Җв”Җв”Җв”Җв”Җв”¬в”Җв”Җв”Җв”Җв”Җв”Җв”Җв”Җв”Җв”Җв”¬в”Җв”Җв”Җв”Җв”Җв”Җв”Җв”Җв”Җв”Җв”¬в”Җв”Җв”Җв”Җв”Җв”Җв”Җв”Җв”Җв”Җв”җ
в”Ӯ id в”Ӯ name     в”Ӯ namespace   в”Ӯ version в”Ӯ mode    в”Ӯ pid      в”Ӯ uptime в”Ӯ вҶә    в”Ӯ status    в”Ӯ cpu      в”Ӯ mem      в”Ӯ user     в”Ӯ watching в”Ӯ
в”ңв”Җв”Җв”Җв”Җв”јв”Җв”Җв”Җв”Җв”Җв”Җв”Җв”Җв”Җв”Җв”јв”Җв”Җв”Җв”Җв”Җв”Җв”Җв”Җв”Җв”Җв”Җв”Җв”Җв”јв”Җв”Җв”Җв”Җв”Җв”Җв”Җв”Җв”Җв”јв”Җв”Җв”Җв”Җв”Җв”Җв”Җв”Җв”Җв”јв”Җв”Җв”Җв”Җв”Җв”Җв”Җв”Җв”Җв”Җв”јв”Җв”Җв”Җв”Җв”Җв”Җв”Җв”Җв”јв”Җв”Җв”Җв”Җв”Җв”Җв”јв”Җв”Җв”Җв”Җв”Җв”Җв”Җв”Җв”Җв”Җв”Җв”јв”Җв”Җв”Җв”Җв”Җв”Җв”Җв”Җв”Җв”Җв”јв”Җв”Җв”Җв”Җв”Җв”Җв”Җв”Җв”Җв”Җв”јв”Җв”Җв”Җв”Җв”Җв”Җв”Җв”Җв”Җв”Җв”јв”Җв”Җв”Җв”Җв”Җв”Җв”Җв”Җв”Җв”Җв”Ө
в”Ӯ 0  в”Ӯ limor    в”Ӯ default     в”Ӯ 2026.3вҖҰ в”Ӯ fork    в”Ӯ 4194     в”Ӯ 0s     в”Ӯ 143  в”Ӯ online    в”Ӯ 0%       в”Ӯ 3.5mb    в”Ӯ raniophвҖҰ в”Ӯ disabled в”Ӯ
в””в”Җв”Җв”Җв”Җв”ҙв”Җв”Җв”Җв”Җв”Җв”Җв”Җв”Җв”Җв”Җв”ҙв”Җв”Җв”Җв”Җв”Җв”Җв”Җв”Җв”Җв”Җв”Җв”Җв”Җв”ҙв”Җв”Җв”Җв”Җв”Җв”Җв”Җв”Җв”Җв”ҙв”Җв”Җв”Җв”Җв”Җв”Җв”Җв”Җв”Җв”ҙв”Җв”Җв”Җв”Җв”Җв”Җв”Җв”Җв”Җв”Җв”ҙв”Җв”Җв”Җв”Җв”Җв”Җв”Җв”Җв”ҙв”Җв”Җв”Җв”Җв”Җв”Җв”ҙв”Җв”Җв”Җв”Җв”Җв”Җв”Җв”Җв”Җв”Җв”Җв”ҙв”Җв”Җв”Җв”Җв”Җв”Җв”Җв”Җв”Җв”Җв”ҙв”Җв”Җв”Җв”Җв”Җв”Җв”Җв”Җв”Җв”Җв”ҙв”Җв”Җв”Җв”Җв”Җв”Җв”Җв”Җв”Җв”Җв”ҙв”Җв”Җв”Җв”Җв”Җв”Җв”Җв”Җв”Җв”Җв”ҳ

> openclaw-dashboard@1.0.0 dev
> next dev -p 3848

   в–І Next.js 15.5.13
   - Local:        http://localhost:3848
   - Network:      http://192.168.1.46:3848
   - Environments: .env.local

 вң“ Starting...
 вң“ Ready in 1366ms

вң… Limor + Dashboard running!
   Dashboard: http://localhost:3848
   PM2 logs:  npx pm2 logs limor
   PM2 status: npx pm2 status

Press Ctrl+C to stop dashboard (Limor keeps running in PM2)
 в—Ӣ Compiling / ...
 вң“ Compiled / in 1675ms (612 modules)
 GET / 200 in 3126ms
 вң“ Compiled /api/ops in 387ms (638 modules)
 GET /api/bot 200 in 1357ms
 GET /api/bot 200 in 1359ms
 GET /api/logs?limit=50 200 in 1790ms
 GET /api/ops 200 in 1800ms
 GET /api/qr 200 in 1805ms
 GET /api/qr 200 in 1806ms
 вң“ Compiled /api/status in 102ms (640 modules)
 GET /api/status 200 in 168ms
 GET /api/bot 200 in 417ms
 GET /api/logs?limit=50 200 in 836ms
 GET /api/qr 200 in 842ms
 GET /api/bot 200 in 483ms
 GET /api/logs?limit=50 200 in 874ms
 GET /api/status 200 in 914ms
 GET /api/qr 200 in 915ms
 GET /api/qr 200 in 895ms
 GET /api/bot 200 in 1283ms
 GET /api/qr 200 in 34ms
 GET /api/logs?limit=50 200 in 444ms
 GET /api/bot 200 in 827ms
 GET /api/qr 200 in 40ms
 GET /api/status 200 in 77ms
 GET /api/logs?limit=50 200 in 481ms
 GET /api/bot 200 in 1226ms
 GET /api/bot 200 in 1222ms
 GET /api/qr 200 in 1238ms
